2014-01-16 15:45:49,117 - [INFO] - from play in pool-4-thread-4 
Listening for HTTP on /0:0:0:0:0:0:0:0:9000

2014-01-16 15:45:53,676 - [INFO] - from play in play-internal-execution-context-1 
database [default] connected at jdbc:h2:mem:play

2014-01-16 15:45:54,024 - [INFO] - from play in play-internal-execution-context-1 
Application started (Dev)

2014-01-16 15:46:39,762 - [INFO] - from play in play-internal-execution-context-1 
database [default] connected at jdbc:h2:mem:play

2014-01-16 15:46:39,799 - [INFO] - from play in play-internal-execution-context-1 
Application started (Dev)

2014-01-16 15:48:22,000 - [INFO] - from play in play-internal-execution-context-1 
database [default] connected at jdbc:h2:mem:play

2014-01-16 15:48:22,028 - [INFO] - from play in play-internal-execution-context-1 
Application started (Dev)

2014-01-16 15:49:31,144 - [INFO] - from play in play-internal-execution-context-1 
database [default] connected at jdbc:h2:mem:play

2014-01-16 15:49:31,178 - [INFO] - from play in play-internal-execution-context-1 
Application started (Dev)

2014-01-16 15:49:49,943 - [INFO] - from play in play-internal-execution-context-1 
database [default] connected at jdbc:h2:mem:play

2014-01-16 15:49:49,978 - [INFO] - from play in play-internal-execution-context-1 
Application started (Dev)

2014-01-16 15:50:51,196 - [ERROR] - from application in New I/O worker #3 


! @6h176epi2 - Internal server error, for (GET) [/tasks] ->

play.PlayExceptions$TemplateCompilationException: Compilation error[`)' expected but end of source found]
	at play.PlaySourceGenerators$$anonfun$3.apply(PlaySourceGenerators.scala:55) ~[na:na]
	at play.PlaySourceGenerators$$anonfun$3.apply(PlaySourceGenerators.scala:30) ~[na:na]
	at scala.Function5$$anonfun$tupled$1.apply(Function5.scala:35) ~[scala-library.jar:na]
	at scala.Function5$$anonfun$tupled$1.apply(Function5.scala:34) ~[scala-library.jar:na]
	at scala.Function1$$anonfun$compose$1.apply(Function1.scala:47) ~[scala-library.jar:na]
	at sbt.$tilde$greater$$anonfun$$u2219$1.apply(TypeFunctions.scala:42) ~[na:na]
	at sbt.std.Transform$$anon$4.work(System.scala:64) ~[na:na]
	at sbt.Execute$$anonfun$submit$1$$anonfun$apply$1.apply(Execute.scala:237) ~[na:na]
	at sbt.Execute$$anonfun$submit$1$$anonfun$apply$1.apply(Execute.scala:237) ~[na:na]
	at sbt.ErrorHandling$.wideConvert(ErrorHandling.scala:18) ~[na:na]
	at sbt.Execute.work(Execute.scala:244) ~[na:na]
	at sbt.Execute$$anonfun$submit$1.apply(Execute.scala:237) ~[na:na]
	at sbt.Execute$$anonfun$submit$1.apply(Execute.scala:237) ~[na:na]
	at sbt.ConcurrentRestrictions$$anon$4$$anonfun$1.apply(ConcurrentRestrictions.scala:160) ~[na:na]
	at sbt.CompletionService$$anon$2.call(CompletionService.scala:30) ~[na:na]
	at java.util.concurrent.FutureTask$Sync.innerRun(FutureTask.java:303) ~[na:1.6.0_45]
	at java.util.concurrent.FutureTask.run(FutureTask.java:138) ~[na:1.6.0_45]
	at java.util.concurrent.Executors$RunnableAdapter.call(Executors.java:439) ~[na:1.6.0_45]
	at java.util.concurrent.FutureTask$Sync.innerRun(FutureTask.java:303) ~[na:1.6.0_45]
	at java.util.concurrent.FutureTask.run(FutureTask.java:138) ~[na:1.6.0_45]
	at java.util.concurrent.ThreadPoolExecutor$Worker.runTask(ThreadPoolExecutor.java:895) [na:1.6.0_45]
	at java.util.concurrent.ThreadPoolExecutor$Worker.run(ThreadPoolExecutor.java:918) [na:1.6.0_45]
	at java.lang.Thread.run(Thread.java:662) [na:1.6.0_45]

2014-01-16 15:50:57,076 - [INFO] - from play in play-internal-execution-context-1 
database [default] connected at jdbc:h2:mem:play

2014-01-16 15:50:57,098 - [INFO] - from play in play-internal-execution-context-1 
Application started (Dev)

2014-01-16 15:51:28,900 - [INFO] - from play in play-internal-execution-context-1 
database [default] connected at jdbc:h2:mem:play

2014-01-16 15:51:28,921 - [INFO] - from play in play-internal-execution-context-1 
Application started (Dev)

2014-01-16 15:51:55,431 - [INFO] - from play in play-internal-execution-context-1 
database [default] connected at jdbc:h2:mem:play

2014-01-16 15:51:55,458 - [INFO] - from play in play-internal-execution-context-1 
Application started (Dev)

2014-01-16 15:52:17,382 - [INFO] - from play in play-internal-execution-context-1 
database [default] connected at jdbc:h2:mem:play

2014-01-16 15:52:17,402 - [INFO] - from play in play-internal-execution-context-1 
Application started (Dev)

2014-01-16 15:54:27,914 - [INFO] - from play in play-internal-execution-context-1 
database [default] connected at jdbc:h2:mem:play

2014-01-16 15:54:27,935 - [INFO] - from play in play-internal-execution-context-1 
Application started (Dev)

